# JRE version: OpenJDK Runtime Environment Temurin-21.0.8+9 (21.0.8+9) (build 21.0.8+9-LTS)
# Java VM: OpenJDK 64-Bit Server VM Temurin-21.0.8+9 (21.0.8+9-LTS, mixed mode, sharing, tiered, compressed oops, compressed class ptrs, parallel gc, windows-amd64)
GC Precious Log:
 CardTable entry size: 512
 CPUs: 8 total, 8 available
 Memory: 12071M
 Large Page Support: Disabled
 NUMA Support: Disabled
 Compressed Oops: Enabled (32-bit)
 Alignments: Space 512K, Generation 512K, Heap 2M
 Heap Min Capacity: 100M
 Heap Initial Capacity: 100M
 Heap Max Capacity: 2G
 Pre-touch: Disabled
 Parallel Workers: 8
Heap:
 PSYoungGen      total 5120K, used 1249K [0x00000000d5580000, 0x00000000d5b80000, 0x0000000100000000)
  eden space 4608K, 21% used [0x00000000d5580000,0x00000000d5678458,0x00000000d5a00000)
  from space 512K, 50% used [0x00000000d5b00000,0x00000000d5b40020,0x00000000d5b80000)
  to   space 512K, 0% used [0x00000000d5a80000,0x00000000d5a80000,0x00000000d5b00000)
 ParOldGen       total 954880K, used 954720K [0x0000000080000000, 0x00000000ba480000, 0x00000000d5580000)
  object space 954880K, 99% used [0x0000000080000000,0x00000000ba4582f0,0x00000000ba480000)
 Metaspace       used 85258K, committed 87040K, reserved 1179648K
  class space    used 8640K, committed 9408K, reserved 1048576K
GC Heap History (20 events):
Event: 30289.693 GC heap before
{Heap before GC invocations=2255 (full 4):
 PSYoungGen      total 5632K, used 5284K [0x00000000d5580000, 0x00000000d5c00000, 0x0000000100000000)
  eden space 4608K, 100% used [0x00000000d5580000,0x00000000d5a00000,0x00000000d5a00000)
  from space 1024K, 66% used [0x00000000d5b00000,0x00000000d5ba9210,0x00000000d5c00000)
  to   space 1024K, 0% used [0x00000000d5a00000,0x00000000d5a00000,0x00000000d5b00000)
 ParOldGen       total 952320K, used 952182K [0x0000000080000000, 0x00000000ba200000, 0x00000000d5580000)
  object space 952320K, 99% used [0x0000000080000000,0x00000000ba1dd990,0x00000000ba200000)
 Metaspace       used 85234K, committed 86976K, reserved 1179648K
  class space    used 8640K, committed 9408K, reserved 1048576K
}
Event: 30289.695 GC heap after
{Heap after GC invocations=2255 (full 4):
 PSYoungGen      total 5632K, used 288K [0x00000000d5580000, 0x00000000d5b80000, 0x0000000100000000)
  eden space 4608K, 0% used [0x00000000d5580000,0x00000000d5580000,0x00000000d5a00000)
  from space 1024K, 28% used [0x00000000d5a00000,0x00000000d5a48020,0x00000000d5b00000)
  to   space 512K, 0% used [0x00000000d5b00000,0x00000000d5b00000,0x00000000d5b80000)
 ParOldGen       total 952832K, used 952350K [0x0000000080000000, 0x00000000ba280000, 0x00000000d5580000)
  object space 952832K, 99% used [0x0000000080000000,0x00000000ba207990,0x00000000ba280000)
 Metaspace       used 85234K, committed 86976K, reserved 1179648K
  class space    used 8640K, committed 9408K, reserved 1048576K
}
Event: 30289.705 GC heap before
{Heap before GC invocations=2256 (full 4):
 PSYoungGen      total 5632K, used 4896K [0x00000000d5580000, 0x00000000d5b80000, 0x0000000100000000)
  eden space 4608K, 100% used [0x00000000d5580000,0x00000000d5a00000,0x00000000d5a00000)
  from space 1024K, 28% used [0x00000000d5a00000,0x00000000d5a48020,0x00000000d5b00000)
  to   space 512K, 0% used [0x00000000d5b00000,0x00000000d5b00000,0x00000000d5b80000)
 ParOldGen       total 952832K, used 952350K [0x0000000080000000, 0x00000000ba280000, 0x00000000d5580000)
  object space 952832K, 99% used [0x0000000080000000,0x00000000ba207990,0x00000000ba280000)
 Metaspace       used 85234K, committed 86976K, reserved 1179648K
  class space    used 8640K, committed 9408K, reserved 1048576K
}
Event: 30289.707 GC heap after
{Heap after GC invocations=2256 (full 4):
 PSYoungGen      total 5120K, used 288K [0x00000000d5580000, 0x00000000d5b80000, 0x0000000100000000)
  eden space 4608K, 0% used [0x00000000d5580000,0x00000000d5580000,0x00000000d5a00000)
  from space 512K, 56% used [0x00000000d5b00000,0x00000000d5b48000,0x00000000d5b80000)
  to   space 512K, 0% used [0x00000000d5a80000,0x00000000d5a80000,0x00000000d5b00000)
 ParOldGen       total 952832K, used 952470K [0x0000000080000000, 0x00000000ba280000, 0x00000000d5580000)
  object space 952832K, 99% used [0x0000000080000000,0x00000000ba2259b0,0x00000000ba280000)
 Metaspace       used 85234K, committed 86976K, reserved 1179648K
  class space    used 8640K, committed 9408K, reserved 1048576K
}
Event: 30291.113 GC heap before
{Heap before GC invocations=2257 (full 4):
 PSYoungGen      total 5120K, used 4896K [0x00000000d5580000, 0x00000000d5b80000, 0x0000000100000000)
  eden space 4608K, 100% used [0x00000000d5580000,0x00000000d5a00000,0x00000000d5a00000)
  from space 512K, 56% used [0x00000000d5b00000,0x00000000d5b48000,0x00000000d5b80000)
  to   space 512K, 0% used [0x00000000d5a80000,0x00000000d5a80000,0x00000000d5b00000)
 ParOldGen       total 952832K, used 952470K [0x0000000080000000, 0x00000000ba280000, 0x00000000d5580000)
  object space 952832K, 99% used [0x0000000080000000,0x00000000ba2259b0,0x00000000ba280000)
 Metaspace       used 85236K, committed 86976K, reserved 1179648K
  class space    used 8640K, committed 9408K, reserved 1048576K
}
Event: 30291.115 GC heap after
{Heap after GC invocations=2257 (full 4):
 PSYoungGen      total 5120K, used 256K [0x00000000d5580000, 0x00000000d5b80000, 0x0000000100000000)
  eden space 4608K, 0% used [0x00000000d5580000,0x00000000d5580000,0x00000000d5a00000)
  from space 512K, 50% used [0x00000000d5a80000,0x00000000d5ac0020,0x00000000d5b00000)
  to   space 512K, 0% used [0x00000000d5b00000,0x00000000d5b00000,0x00000000d5b80000)
 ParOldGen       total 952832K, used 952502K [0x0000000080000000, 0x00000000ba280000, 0x00000000d5580000)
  object space 952832K, 99% used [0x0000000080000000,0x00000000ba22d9b0,0x00000000ba280000)
 Metaspace       used 85236K, committed 86976K, reserved 1179648K
  class space    used 8640K, committed 9408K, reserved 1048576K
}
Event: 30291.124 GC heap before
{Heap before GC invocations=2258 (full 4):
 PSYoungGen      total 5120K, used 4864K [0x00000000d5580000, 0x00000000d5b80000, 0x0000000100000000)
  eden space 4608K, 100% used [0x00000000d5580000,0x00000000d5a00000,0x00000000d5a00000)
  from space 512K, 50% used [0x00000000d5a80000,0x00000000d5ac0020,0x00000000d5b00000)
  to   space 512K, 0% used [0x00000000d5b00000,0x00000000d5b00000,0x00000000d5b80000)
 ParOldGen       total 952832K, used 952502K [0x0000000080000000, 0x00000000ba280000, 0x00000000d5580000)
  object space 952832K, 99% used [0x0000000080000000,0x00000000ba22d9b0,0x00000000ba280000)
 Metaspace       used 85238K, committed 87040K, reserved 1179648K
  class space    used 8640K, committed 9408K, reserved 1048576K
}
Event: 30291.126 GC heap after
{Heap after GC invocations=2258 (full 4):
 PSYoungGen      total 5120K, used 512K [0x00000000d5580000, 0x00000000d5c00000, 0x0000000100000000)
  eden space 4608K, 0% used [0x00000000d5580000,0x00000000d5580000,0x00000000d5a00000)
  from space 512K, 100% used [0x00000000d5b00000,0x00000000d5b80000,0x00000000d5b80000)
  to   space 1024K, 0% used [0x00000000d5a00000,0x00000000d5a00000,0x00000000d5b00000)
 ParOldGen       total 952832K, used 952642K [0x0000000080000000, 0x00000000ba280000, 0x00000000d5580000)
  object space 952832K, 99% used [0x0000000080000000,0x00000000ba2509e0,0x00000000ba280000)
 Metaspace       used 85238K, committed 87040K, reserved 1179648K
  class space    used 8640K, committed 9408K, reserved 1048576K
}
Event: 30291.153 GC heap before
{Heap before GC invocations=2259 (full 4):
 PSYoungGen      total 5120K, used 5120K [0x00000000d5580000, 0x00000000d5c00000, 0x0000000100000000)
  eden space 4608K, 100% used [0x00000000d5580000,0x00000000d5a00000,0x00000000d5a00000)
  from space 512K, 100% used [0x00000000d5b00000,0x00000000d5b80000,0x00000000d5b80000)
  to   space 1024K, 0% used [0x00000000d5a00000,0x00000000d5a00000,0x00000000d5b00000)
 ParOldGen       total 952832K, used 952642K [0x0000000080000000, 0x00000000ba280000, 0x00000000d5580000)
  object space 952832K, 99% used [0x0000000080000000,0x00000000ba2509e0,0x00000000ba280000)
 Metaspace       used 85238K, committed 87040K, reserved 1179648K
  class space    used 8640K, committed 9408K, reserved 1048576K
}
Event: 30291.156 GC heap after
{Heap after GC invocations=2259 (full 4):
 PSYoungGen      total 5632K, used 756K [0x00000000d5580000, 0x00000000d5c00000, 0x0000000100000000)
  eden space 4608K, 0% used [0x00000000d5580000,0x00000000d5580000,0x00000000d5a00000)
  from space 1024K, 73% used [0x00000000d5a00000,0x00000000d5abd200,0x00000000d5b00000)
  to   space 1024K, 0% used [0x00000000d5b00000,0x00000000d5b00000,0x00000000d5c00000)
 ParOldGen       total 953344K, used 953158K [0x0000000080000000, 0x00000000ba300000, 0x00000000d5580000)
  object space 953344K, 99% used [0x0000000080000000,0x00000000ba2d1bf0,0x00000000ba300000)
 Metaspace       used 85238K, committed 87040K, reserved 1179648K
  class space    used 8640K, committed 9408K, reserved 1048576K
}
Event: 30292.253 GC heap before
{Heap before GC invocations=2260 (full 4):
 PSYoungGen      total 5632K, used 5364K [0x00000000d5580000, 0x00000000d5c00000, 0x0000000100000000)
  eden space 4608K, 100% used [0x00000000d5580000,0x00000000d5a00000,0x00000000d5a00000)
  from space 1024K, 73% used [0x00000000d5a00000,0x00000000d5abd200,0x00000000d5b00000)
  to   space 1024K, 0% used [0x00000000d5b00000,0x00000000d5b00000,0x00000000d5c00000)
 ParOldGen       total 953344K, used 953158K [0x0000000080000000, 0x00000000ba300000, 0x00000000d5580000)
  object space 953344K, 99% used [0x0000000080000000,0x00000000ba2d1bf0,0x00000000ba300000)
 Metaspace       used 85239K, committed 87040K, reserved 1179648K
  class space    used 8640K, committed 9408K, reserved 1048576K
}
Event: 30292.255 GC heap after
{Heap after GC invocations=2260 (full 4):
 PSYoungGen      total 5632K, used 724K [0x00000000d5580000, 0x00000000d5c00000, 0x0000000100000000)
  eden space 4608K, 0% used [0x00000000d5580000,0x00000000d5580000,0x00000000d5a00000)
  from space 1024K, 70% used [0x00000000d5b00000,0x00000000d5bb5200,0x00000000d5c00000)
  to   space 1024K, 0% used [0x00000000d5a00000,0x00000000d5a00000,0x00000000d5b00000)
 ParOldGen       total 953856K, used 953796K [0x0000000080000000, 0x00000000ba380000, 0x00000000d5580000)
  object space 953856K, 99% used [0x0000000080000000,0x00000000ba3710b0,0x00000000ba380000)
 Metaspace       used 85239K, committed 87040K, reserved 1179648K
  class space    used 8640K, committed 9408K, reserved 1048576K
}
Event: 30292.268 GC heap before
{Heap before GC invocations=2261 (full 4):
 PSYoungGen      total 5632K, used 5332K [0x00000000d5580000, 0x00000000d5c00000, 0x0000000100000000)
  eden space 4608K, 100% used [0x00000000d5580000,0x00000000d5a00000,0x00000000d5a00000)
  from space 1024K, 70% used [0x00000000d5b00000,0x00000000d5bb5200,0x00000000d5c00000)
  to   space 1024K, 0% used [0x00000000d5a00000,0x00000000d5a00000,0x00000000d5b00000)
 ParOldGen       total 953856K, used 953796K [0x0000000080000000, 0x00000000ba380000, 0x00000000d5580000)
  object space 953856K, 99% used [0x0000000080000000,0x00000000ba3710b0,0x00000000ba380000)
 Metaspace       used 85239K, committed 87040K, reserved 1179648K
  class space    used 8640K, committed 9408K, reserved 1048576K
}
Event: 30292.269 GC heap after
{Heap after GC invocations=2261 (full 4):
 PSYoungGen      total 5632K, used 628K [0x00000000d5580000, 0x00000000d5c00000, 0x0000000100000000)
  eden space 4608K, 0% used [0x00000000d5580000,0x00000000d5580000,0x00000000d5a00000)
  from space 1024K, 61% used [0x00000000d5a00000,0x00000000d5a9d200,0x00000000d5b00000)
  to   space 1024K, 0% used [0x00000000d5b00000,0x00000000d5b00000,0x00000000d5c00000)
 ParOldGen       total 954368K, used 953988K [0x0000000080000000, 0x00000000ba400000, 0x00000000d5580000)
  object space 954368K, 99% used [0x0000000080000000,0x00000000ba3a10b0,0x00000000ba400000)
 Metaspace       used 85239K, committed 87040K, reserved 1179648K
  class space    used 8640K, committed 9408K, reserved 1048576K
}
Event: 35184.004 GC heap before
{Heap before GC invocations=2262 (full 4):
 PSYoungGen      total 5632K, used 5231K [0x00000000d5580000, 0x00000000d5c00000, 0x0000000100000000)
  eden space 4608K, 99% used [0x00000000d5580000,0x00000000d59feaa0,0x00000000d5a00000)
  from space 1024K, 61% used [0x00000000d5a00000,0x00000000d5a9d200,0x00000000d5b00000)
  to   space 1024K, 0% used [0x00000000d5b00000,0x00000000d5b00000,0x00000000d5c00000)
 ParOldGen       total 954368K, used 953988K [0x0000000080000000, 0x00000000ba400000, 0x00000000d5580000)
  object space 954368K, 99% used [0x0000000080000000,0x00000000ba3a10b0,0x00000000ba400000)
 Metaspace       used 85248K, committed 87040K, reserved 1179648K
  class space    used 8640K, committed 9408K, reserved 1048576K
}
Event: 35184.287 GC heap after
{Heap after GC invocations=2262 (full 4):
 PSYoungGen      total 5120K, used 384K [0x00000000d5580000, 0x00000000d5b80000, 0x0000000100000000)
  eden space 4608K, 0% used [0x00000000d5580000,0x00000000d5580000,0x00000000d5a00000)
  from space 512K, 75% used [0x00000000d5b00000,0x00000000d5b60000,0x00000000d5b80000)
  to   space 512K, 0% used [0x00000000d5a80000,0x00000000d5a80000,0x00000000d5b00000)
 ParOldGen       total 954880K, used 954432K [0x0000000080000000, 0x00000000ba480000, 0x00000000d5580000)
  object space 954880K, 99% used [0x0000000080000000,0x00000000ba4102c0,0x00000000ba480000)
 Metaspace       used 85248K, committed 87040K, reserved 1179648K
  class space    used 8640K, committed 9408K, reserved 1048576K
}
Event: 35619.173 GC heap before
{Heap before GC invocations=2263 (full 4):
 PSYoungGen      total 5120K, used 4992K [0x00000000d5580000, 0x00000000d5b80000, 0x0000000100000000)
  eden space 4608K, 100% used [0x00000000d5580000,0x00000000d5a00000,0x00000000d5a00000)
  from space 512K, 75% used [0x00000000d5b00000,0x00000000d5b60000,0x00000000d5b80000)
  to   space 512K, 0% used [0x00000000d5a80000,0x00000000d5a80000,0x00000000d5b00000)
 ParOldGen       total 954880K, used 954432K [0x0000000080000000, 0x00000000ba480000, 0x00000000d5580000)
  object space 954880K, 99% used [0x0000000080000000,0x00000000ba4102c0,0x00000000ba480000)
 Metaspace       used 85256K, committed 87040K, reserved 1179648K
  class space    used 8640K, committed 9408K, reserved 1048576K
}
Event: 35619.723 GC heap after
{Heap after GC invocations=2263 (full 4):
 PSYoungGen      total 5120K, used 352K [0x00000000d5580000, 0x00000000d5b80000, 0x0000000100000000)
  eden space 4608K, 0% used [0x00000000d5580000,0x00000000d5580000,0x00000000d5a00000)
  from space 512K, 68% used [0x00000000d5a80000,0x00000000d5ad8040,0x00000000d5b00000)
  to   space 512K, 0% used [0x00000000d5b00000,0x00000000d5b00000,0x00000000d5b80000)
 ParOldGen       total 954880K, used 954704K [0x0000000080000000, 0x00000000ba480000, 0x00000000d5580000)
  object space 954880K, 99% used [0x0000000080000000,0x00000000ba4542f0,0x00000000ba480000)
 Metaspace       used 85256K, committed 87040K, reserved 1179648K
  class space    used 8640K, committed 9408K, reserved 1048576K
}
Event: 35975.832 GC heap before
{Heap before GC invocations=2264 (full 4):
 PSYoungGen      total 5120K, used 4960K [0x00000000d5580000, 0x00000000d5b80000, 0x0000000100000000)
  eden space 4608K, 100% used [0x00000000d5580000,0x00000000d5a00000,0x00000000d5a00000)
  from space 512K, 68% used [0x00000000d5a80000,0x00000000d5ad8040,0x00000000d5b00000)
  to   space 512K, 0% used [0x00000000d5b00000,0x00000000d5b00000,0x00000000d5b80000)
 ParOldGen       total 954880K, used 954704K [0x0000000080000000, 0x00000000ba480000, 0x00000000d5580000)
  object space 954880K, 99% used [0x0000000080000000,0x00000000ba4542f0,0x00000000ba480000)
 Metaspace       used 85256K, committed 87040K, reserved 1179648K
  class space    used 8640K, committed 9408K, reserved 1048576K
}
Event: 35976.207 GC heap after
{Heap after GC invocations=2264 (full 4):
 PSYoungGen      total 5120K, used 256K [0x00000000d5580000, 0x00000000d5b80000, 0x0000000100000000)
  eden space 4608K, 0% used [0x00000000d5580000,0x00000000d5580000,0x00000000d5a00000)
  from space 512K, 50% used [0x00000000d5b00000,0x00000000d5b40020,0x00000000d5b80000)
  to   space 512K, 0% used [0x00000000d5a80000,0x00000000d5a80000,0x00000000d5b00000)
 ParOldGen       total 954880K, used 954720K [0x0000000080000000, 0x00000000ba480000, 0x00000000d5580000)
  object space 954880K, 99% used [0x0000000080000000,0x00000000ba4582f0,0x00000000ba480000)
 Metaspace       used 85256K, committed 87040K, reserved 1179648K
  class space    used 8640K, committed 9408K, reserved 1048576K
}

